[2018-09-22 10:00:00] local.ERROR: There are no commands defined in the "install" namespace. {"exception":"[object] (Symfony\\Component\\Console\\Exception\\NamespaceNotFoundException(code: 0): There are no commands defined in the \"install\" namespace. at D:\\school\\Hogeschool Rotterdam\\Jaar 2\\Kwartaal 1\\Programmeren\\programmeren-kwartaal-2.1\\programmeren-5\\community\\vendor\\symfony\\console\\Application.php:578)
[stacktrace]
#0 D:\\school\\Hogeschool Rotterdam\\Jaar 2\\Kwartaal 1\\Programmeren\\programmeren-kwartaal-2.1\\programmeren-5\\community\\vendor\\symfony\\console\\Application.php(618): Symfony\\Component\\Console\\Application->findNamespace('install')
#1 D:\\school\\Hogeschool Rotterdam\\Jaar 2\\Kwartaal 1\\Programmeren\\programmeren-kwartaal-2.1\\programmeren-5\\community\\vendor\\symfony\\console\\Application.php(226): Symfony\\Component\\Console\\Application->find('install:migrati...')
#2 D:\\school\\Hogeschool Rotterdam\\Jaar 2\\Kwartaal 1\\Programmeren\\programmeren-kwartaal-2.1\\programmeren-5\\community\\vendor\\symfony\\console\\Application.php(145): Symfony\\Component\\Console\\Application->doRun(Object(Symfony\\Component\\Console\\Input\\ArgvInput), Object(Symfony\\Component\\Console\\Output\\ConsoleOutput))
#3 D:\\school\\Hogeschool Rotterdam\\Jaar 2\\Kwartaal 1\\Programmeren\\programmeren-kwartaal-2.1\\programmeren-5\\community\\vendor\\laravel\\framework\\src\\Illuminate\\Console\\Application.php(89): Symfony\\Component\\Console\\Application->run(Object(Symfony\\Component\\Console\\Input\\ArgvInput), Object(Symfony\\Component\\Console\\Output\\ConsoleOutput))
#4 D:\\school\\Hogeschool Rotterdam\\Jaar 2\\Kwartaal 1\\Programmeren\\programmeren-kwartaal-2.1\\programmeren-5\\community\\vendor\\laravel\\framework\\src\\Illuminate\\Foundation\\Console\\Kernel.php(122): Illuminate\\Console\\Application->run(Object(Symfony\\Component\\Console\\Input\\ArgvInput), Object(Symfony\\Component\\Console\\Output\\ConsoleOutput))
#5 D:\\school\\Hogeschool Rotterdam\\Jaar 2\\Kwartaal 1\\Programmeren\\programmeren-kwartaal-2.1\\programmeren-5\\community\\artisan(37): Illuminate\\Foundation\\Console\\Kernel->handle(Object(Symfony\\Component\\Console\\Input\\ArgvInput), Object(Symfony\\Component\\Console\\Output\\ConsoleOutput))
#6 {main}
"} 
[2018-09-22 10:23:26] local.ERROR: Too many arguments, expected arguments "command". {"exception":"[object] (Symfony\\Component\\Console\\Exception\\RuntimeException(code: 0): Too many arguments, expected arguments \"command\". at D:\\school\\Hogeschool Rotterdam\\Jaar 2\\Kwartaal 1\\Programmeren\\programmeren-kwartaal-2.1\\programmeren-5\\community\\vendor\\symfony\\console\\Input\\ArgvInput.php:182)
[stacktrace]
#0 D:\\school\\Hogeschool Rotterdam\\Jaar 2\\Kwartaal 1\\Programmeren\\programmeren-kwartaal-2.1\\programmeren-5\\community\\vendor\\symfony\\console\\Input\\ArgvInput.php(86): Symfony\\Component\\Console\\Input\\ArgvInput->parseArgument('users')
#1 D:\\school\\Hogeschool Rotterdam\\Jaar 2\\Kwartaal 1\\Programmeren\\programmeren-kwartaal-2.1\\programmeren-5\\community\\vendor\\symfony\\console\\Input\\Input.php(55): Symfony\\Component\\Console\\Input\\ArgvInput->parse()
#2 D:\\school\\Hogeschool Rotterdam\\Jaar 2\\Kwartaal 1\\Programmeren\\programmeren-kwartaal-2.1\\programmeren-5\\community\\vendor\\symfony\\console\\Command\\Command.php(210): Symfony\\Component\\Console\\Input\\Input->bind(Object(Symfony\\Component\\Console\\Input\\InputDefinition))
#3 D:\\school\\Hogeschool Rotterdam\\Jaar 2\\Kwartaal 1\\Programmeren\\programmeren-kwartaal-2.1\\programmeren-5\\community\\vendor\\laravel\\framework\\src\\Illuminate\\Console\\Command.php(170): Symfony\\Component\\Console\\Command\\Command->run(Object(Symfony\\Component\\Console\\Input\\ArgvInput), Object(Illuminate\\Console\\OutputStyle))
#4 D:\\school\\Hogeschool Rotterdam\\Jaar 2\\Kwartaal 1\\Programmeren\\programmeren-kwartaal-2.1\\programmeren-5\\community\\vendor\\symfony\\console\\Application.php(886): Illuminate\\Console\\Command->run(Object(Symfony\\Component\\Console\\Input\\ArgvInput), Object(Symfony\\Component\\Console\\Output\\ConsoleOutput))
#5 D:\\school\\Hogeschool Rotterdam\\Jaar 2\\Kwartaal 1\\Programmeren\\programmeren-kwartaal-2.1\\programmeren-5\\community\\vendor\\symfony\\console\\Application.php(262): Symfony\\Component\\Console\\Application->doRunCommand(Object(Illuminate\\Database\\Console\\Migrations\\InstallCommand), Object(Symfony\\Component\\Console\\Input\\ArgvInput), Object(Symfony\\Component\\Console\\Output\\ConsoleOutput))
#6 D:\\school\\Hogeschool Rotterdam\\Jaar 2\\Kwartaal 1\\Programmeren\\programmeren-kwartaal-2.1\\programmeren-5\\community\\vendor\\symfony\\console\\Application.php(145): Symfony\\Component\\Console\\Application->doRun(Object(Symfony\\Component\\Console\\Input\\ArgvInput), Object(Symfony\\Component\\Console\\Output\\ConsoleOutput))
#7 D:\\school\\Hogeschool Rotterdam\\Jaar 2\\Kwartaal 1\\Programmeren\\programmeren-kwartaal-2.1\\programmeren-5\\community\\vendor\\laravel\\framework\\src\\Illuminate\\Console\\Application.php(89): Symfony\\Component\\Console\\Application->run(Object(Symfony\\Component\\Console\\Input\\ArgvInput), Object(Symfony\\Component\\Console\\Output\\ConsoleOutput))
#8 D:\\school\\Hogeschool Rotterdam\\Jaar 2\\Kwartaal 1\\Programmeren\\programmeren-kwartaal-2.1\\programmeren-5\\community\\vendor\\laravel\\framework\\src\\Illuminate\\Foundation\\Console\\Kernel.php(122): Illuminate\\Console\\Application->run(Object(Symfony\\Component\\Console\\Input\\ArgvInput), Object(Symfony\\Component\\Console\\Output\\ConsoleOutput))
#9 D:\\school\\Hogeschool Rotterdam\\Jaar 2\\Kwartaal 1\\Programmeren\\programmeren-kwartaal-2.1\\programmeren-5\\community\\artisan(37): Illuminate\\Foundation\\Console\\Kernel->handle(Object(Symfony\\Component\\Console\\Input\\ArgvInput), Object(Symfony\\Component\\Console\\Output\\ConsoleOutput))
#10 {main}
"} 
[2018-09-22 10:43:57] local.ERROR: SQLSTATE[HY000] [2006] MySQL server has gone away {"exception":"[object] (PDOException(code: 2006): SQLSTATE[HY000] [2006] MySQL server has gone away at D:\\school\\Hogeschool Rotterdam\\Jaar 2\\Kwartaal 1\\Programmeren\\programmeren-kwartaal-2.1\\programmeren-5\\community\\vendor\\laravel\\framework\\src\\Illuminate\\Database\\Connectors\\Connector.php:68, PDOException(code: 0): PDO::__construct(): MySQL server has gone away at D:\\school\\Hogeschool Rotterdam\\Jaar 2\\Kwartaal 1\\Programmeren\\programmeren-kwartaal-2.1\\programmeren-5\\community\\vendor\\laravel\\framework\\src\\Illuminate\\Database\\Connectors\\Connector.php:68)
[stacktrace]
#0 D:\\school\\Hogeschool Rotterdam\\Jaar 2\\Kwartaal 1\\Programmeren\\programmeren-kwartaal-2.1\\programmeren-5\\community\\vendor\\laravel\\framework\\src\\Illuminate\\Database\\Connectors\\Connector.php(68): PDO->__construct('mysql:host=loca...', 'root', 'root', Array)
#1 D:\\school\\Hogeschool Rotterdam\\Jaar 2\\Kwartaal 1\\Programmeren\\programmeren-kwartaal-2.1\\programmeren-5\\community\\vendor\\laravel\\framework\\src\\Illuminate\\Database\\Connectors\\Connector.php(98): Illuminate\\Database\\Connectors\\Connector->createPdoConnection('mysql:host=loca...', 'root', 'root', Array)
#2 D:\\school\\Hogeschool Rotterdam\\Jaar 2\\Kwartaal 1\\Programmeren\\programmeren-kwartaal-2.1\\programmeren-5\\community\\vendor\\laravel\\framework\\src\\Illuminate\\Database\\Connectors\\Connector.php(48): Illuminate\\Database\\Connectors\\Connector->tryAgainIfCausedByLostConnection(Object(PDOException), 'mysql:host=loca...', 'root', 'root', Array)
#3 D:\\school\\Hogeschool Rotterdam\\Jaar 2\\Kwartaal 1\\Programmeren\\programmeren-kwartaal-2.1\\programmeren-5\\community\\vendor\\laravel\\framework\\src\\Illuminate\\Database\\Connectors\\MySqlConnector.php(24): Illuminate\\Database\\Connectors\\Connector->createConnection('mysql:host=loca...', Array, Array)
#4 D:\\school\\Hogeschool Rotterdam\\Jaar 2\\Kwartaal 1\\Programmeren\\programmeren-kwartaal-2.1\\programmeren-5\\community\\vendor\\laravel\\framework\\src\\Illuminate\\Database\\Connectors\\ConnectionFactory.php(182): Illuminate\\Database\\Connectors\\MySqlConnector->connect(Array)
#5 [internal function]: Illuminate\\Database\\Connectors\\ConnectionFactory->Illuminate\\Database\\Connectors\\{closure}()
#6 D:\\school\\Hogeschool Rotterdam\\Jaar 2\\Kwartaal 1\\Programmeren\\programmeren-kwartaal-2.1\\programmeren-5\\community\\vendor\\laravel\\framework\\src\\Illuminate\\Database\\Connection.php(915): call_user_func(Object(Closure))
#7 D:\\school\\Hogeschool Rotterdam\\Jaar 2\\Kwartaal 1\\Programmeren\\programmeren-kwartaal-2.1\\programmeren-5\\community\\vendor\\laravel\\framework\\src\\Illuminate\\Database\\DatabaseManager.php(248): Illuminate\\Database\\Connection->getPdo()
#8 D:\\school\\Hogeschool Rotterdam\\Jaar 2\\Kwartaal 1\\Programmeren\\programmeren-kwartaal-2.1\\programmeren-5\\community\\vendor\\laravel\\framework\\src\\Illuminate\\Database\\DatabaseManager.php(234): Illuminate\\Database\\DatabaseManager->refreshPdoConnections('mysql')
#9 D:\\school\\Hogeschool Rotterdam\\Jaar 2\\Kwartaal 1\\Programmeren\\programmeren-kwartaal-2.1\\programmeren-5\\community\\vendor\\laravel\\framework\\src\\Illuminate\\Database\\DatabaseManager.php(168): Illuminate\\Database\\DatabaseManager->reconnect('mysql')
#10 [internal function]: Illuminate\\Database\\DatabaseManager->Illuminate\\Database\\{closure}(Object(Illuminate\\Database\\MySqlConnection))
#11 D:\\school\\Hogeschool Rotterdam\\Jaar 2\\Kwartaal 1\\Programmeren\\programmeren-kwartaal-2.1\\programmeren-5\\community\\vendor\\laravel\\framework\\src\\Illuminate\\Database\\Connection.php(753): call_user_func(Object(Closure), Object(Illuminate\\Database\\MySqlConnection))
#12 D:\\school\\Hogeschool Rotterdam\\Jaar 2\\Kwartaal 1\\Programmeren\\programmeren-kwartaal-2.1\\programmeren-5\\community\\vendor\\laravel\\framework\\src\\Illuminate\\Database\\Connection.php(735): Illuminate\\Database\\Connection->reconnect()
#13 D:\\school\\Hogeschool Rotterdam\\Jaar 2\\Kwartaal 1\\Programmeren\\programmeren-kwartaal-2.1\\programmeren-5\\community\\vendor\\laravel\\framework\\src\\Illuminate\\Database\\Connection.php(717): Illuminate\\Database\\Connection->tryAgainIfCausedByLostConnection(Object(Illuminate\\Database\\QueryException), 'SHOW FULL TABLE...', Array, Object(Closure))
#14 D:\\school\\Hogeschool Rotterdam\\Jaar 2\\Kwartaal 1\\Programmeren\\programmeren-kwartaal-2.1\\programmeren-5\\community\\vendor\\laravel\\framework\\src\\Illuminate\\Database\\Connection.php(627): Illuminate\\Database\\Connection->handleQueryException(Object(Illuminate\\Database\\QueryException), 'SHOW FULL TABLE...', Array, Object(Closure))
#15 D:\\school\\Hogeschool Rotterdam\\Jaar 2\\Kwartaal 1\\Programmeren\\programmeren-kwartaal-2.1\\programmeren-5\\community\\vendor\\laravel\\framework\\src\\Illuminate\\Database\\Connection.php(333): Illuminate\\Database\\Connection->run('SHOW FULL TABLE...', Array, Object(Closure))
#16 D:\\school\\Hogeschool Rotterdam\\Jaar 2\\Kwartaal 1\\Programmeren\\programmeren-kwartaal-2.1\\programmeren-5\\community\\vendor\\laravel\\framework\\src\\Illuminate\\Database\\Schema\\MySqlBuilder.php(99): Illuminate\\Database\\Connection->select('SHOW FULL TABLE...')
#17 D:\\school\\Hogeschool Rotterdam\\Jaar 2\\Kwartaal 1\\Programmeren\\programmeren-kwartaal-2.1\\programmeren-5\\community\\vendor\\laravel\\framework\\src\\Illuminate\\Database\\Schema\\MySqlBuilder.php(48): Illuminate\\Database\\Schema\\MySqlBuilder->getAllTables()
#18 D:\\school\\Hogeschool Rotterdam\\Jaar 2\\Kwartaal 1\\Programmeren\\programmeren-kwartaal-2.1\\programmeren-5\\community\\vendor\\laravel\\framework\\src\\Illuminate\\Database\\Console\\Migrations\\FreshCommand.php(72): Illuminate\\Database\\Schema\\MySqlBuilder->dropAllTables()
#19 D:\\school\\Hogeschool Rotterdam\\Jaar 2\\Kwartaal 1\\Programmeren\\programmeren-kwartaal-2.1\\programmeren-5\\community\\vendor\\laravel\\framework\\src\\Illuminate\\Database\\Console\\Migrations\\FreshCommand.php(46): Illuminate\\Database\\Console\\Migrations\\FreshCommand->dropAllTables(NULL)
#20 [internal function]: Illuminate\\Database\\Console\\Migrations\\FreshCommand->handle()
#21 D:\\school\\Hogeschool Rotterdam\\Jaar 2\\Kwartaal 1\\Programmeren\\programmeren-kwartaal-2.1\\programmeren-5\\community\\vendor\\laravel\\framework\\src\\Illuminate\\Container\\BoundMethod.php(29): call_user_func_array(Array, Array)
#22 D:\\school\\Hogeschool Rotterdam\\Jaar 2\\Kwartaal 1\\Programmeren\\programmeren-kwartaal-2.1\\programmeren-5\\community\\vendor\\laravel\\framework\\src\\Illuminate\\Container\\BoundMethod.php(87): Illuminate\\Container\\BoundMethod::Illuminate\\Container\\{closure}()
#23 D:\\school\\Hogeschool Rotterdam\\Jaar 2\\Kwartaal 1\\Programmeren\\programmeren-kwartaal-2.1\\programmeren-5\\community\\vendor\\laravel\\framework\\src\\Illuminate\\Container\\BoundMethod.php(31): Illuminate\\Container\\BoundMethod::callBoundMethod(Object(Illuminate\\Foundation\\Application), Array, Object(Closure))
#24 D:\\school\\Hogeschool Rotterdam\\Jaar 2\\Kwartaal 1\\Programmeren\\programmeren-kwartaal-2.1\\programmeren-5\\community\\vendor\\laravel\\framework\\src\\Illuminate\\Container\\Container.php(564): Illuminate\\Container\\BoundMethod::call(Object(Illuminate\\Foundation\\Application), Array, Array, NULL)
#25 D:\\school\\Hogeschool Rotterdam\\Jaar 2\\Kwartaal 1\\Programmeren\\programmeren-kwartaal-2.1\\programmeren-5\\community\\vendor\\laravel\\framework\\src\\Illuminate\\Console\\Command.php(183): Illuminate\\Container\\Container->call(Array)
#26 D:\\school\\Hogeschool Rotterdam\\Jaar 2\\Kwartaal 1\\Programmeren\\programmeren-kwartaal-2.1\\programmeren-5\\community\\vendor\\symfony\\console\\Command\\Command.php(251): Illuminate\\Console\\Command->execute(Object(Symfony\\Component\\Console\\Input\\ArgvInput), Object(Illuminate\\Console\\OutputStyle))
#27 D:\\school\\Hogeschool Rotterdam\\Jaar 2\\Kwartaal 1\\Programmeren\\programmeren-kwartaal-2.1\\programmeren-5\\community\\vendor\\laravel\\framework\\src\\Illuminate\\Console\\Command.php(170): Symfony\\Component\\Console\\Command\\Command->run(Object(Symfony\\Component\\Console\\Input\\ArgvInput), Object(Illuminate\\Console\\OutputStyle))
#28 D:\\school\\Hogeschool Rotterdam\\Jaar 2\\Kwartaal 1\\Programmeren\\programmeren-kwartaal-2.1\\programmeren-5\\community\\vendor\\symfony\\console\\Application.php(886): Illuminate\\Console\\Command->run(Object(Symfony\\Component\\Console\\Input\\ArgvInput), Object(Symfony\\Component\\Console\\Output\\ConsoleOutput))
#29 D:\\school\\Hogeschool Rotterdam\\Jaar 2\\Kwartaal 1\\Programmeren\\programmeren-kwartaal-2.1\\programmeren-5\\community\\vendor\\symfony\\console\\Application.php(262): Symfony\\Component\\Console\\Application->doRunCommand(Object(Illuminate\\Database\\Console\\Migrations\\FreshCommand), Object(Symfony\\Component\\Console\\Input\\ArgvInput), Object(Symfony\\Component\\Console\\Output\\ConsoleOutput))
#30 D:\\school\\Hogeschool Rotterdam\\Jaar 2\\Kwartaal 1\\Programmeren\\programmeren-kwartaal-2.1\\programmeren-5\\community\\vendor\\symfony\\console\\Application.php(145): Symfony\\Component\\Console\\Application->doRun(Object(Symfony\\Component\\Console\\Input\\ArgvInput), Object(Symfony\\Component\\Console\\Output\\ConsoleOutput))
#31 D:\\school\\Hogeschool Rotterdam\\Jaar 2\\Kwartaal 1\\Programmeren\\programmeren-kwartaal-2.1\\programmeren-5\\community\\vendor\\laravel\\framework\\src\\Illuminate\\Console\\Application.php(89): Symfony\\Component\\Console\\Application->run(Object(Symfony\\Component\\Console\\Input\\ArgvInput), Object(Symfony\\Component\\Console\\Output\\ConsoleOutput))
#32 D:\\school\\Hogeschool Rotterdam\\Jaar 2\\Kwartaal 1\\Programmeren\\programmeren-kwartaal-2.1\\programmeren-5\\community\\vendor\\laravel\\framework\\src\\Illuminate\\Foundation\\Console\\Kernel.php(122): Illuminate\\Console\\Application->run(Object(Symfony\\Component\\Console\\Input\\ArgvInput), Object(Symfony\\Component\\Console\\Output\\ConsoleOutput))
#33 D:\\school\\Hogeschool Rotterdam\\Jaar 2\\Kwartaal 1\\Programmeren\\programmeren-kwartaal-2.1\\programmeren-5\\community\\artisan(37): Illuminate\\Foundation\\Console\\Kernel->handle(Object(Symfony\\Component\\Console\\Input\\ArgvInput), Object(Symfony\\Component\\Console\\Output\\ConsoleOutput))
#34 {main}
"} 
[2018-09-22 11:14:24] local.ERROR: SQLSTATE[HY000] [2006] MySQL server has gone away {"exception":"[object] (PDOException(code: 2006): SQLSTATE[HY000] [2006] MySQL server has gone away at D:\\school\\Hogeschool Rotterdam\\Jaar 2\\Kwartaal 1\\Programmeren\\programmeren-kwartaal-2.1\\programmeren-5\\community\\vendor\\laravel\\framework\\src\\Illuminate\\Database\\Connectors\\Connector.php:68, PDOException(code: 0): PDO::__construct(): MySQL server has gone away at D:\\school\\Hogeschool Rotterdam\\Jaar 2\\Kwartaal 1\\Programmeren\\programmeren-kwartaal-2.1\\programmeren-5\\community\\vendor\\laravel\\framework\\src\\Illuminate\\Database\\Connectors\\Connector.php:68)
[stacktrace]
#0 D:\\school\\Hogeschool Rotterdam\\Jaar 2\\Kwartaal 1\\Programmeren\\programmeren-kwartaal-2.1\\programmeren-5\\community\\vendor\\laravel\\framework\\src\\Illuminate\\Database\\Connectors\\Connector.php(68): PDO->__construct('mysql:host=loca...', 'login', 'root', Array)
#1 D:\\school\\Hogeschool Rotterdam\\Jaar 2\\Kwartaal 1\\Programmeren\\programmeren-kwartaal-2.1\\programmeren-5\\community\\vendor\\laravel\\framework\\src\\Illuminate\\Database\\Connectors\\Connector.php(98): Illuminate\\Database\\Connectors\\Connector->createPdoConnection('mysql:host=loca...', 'login', 'root', Array)
#2 D:\\school\\Hogeschool Rotterdam\\Jaar 2\\Kwartaal 1\\Programmeren\\programmeren-kwartaal-2.1\\programmeren-5\\community\\vendor\\laravel\\framework\\src\\Illuminate\\Database\\Connectors\\Connector.php(48): Illuminate\\Database\\Connectors\\Connector->tryAgainIfCausedByLostConnection(Object(PDOException), 'mysql:host=loca...', 'login', 'root', Array)
#3 D:\\school\\Hogeschool Rotterdam\\Jaar 2\\Kwartaal 1\\Programmeren\\programmeren-kwartaal-2.1\\programmeren-5\\community\\vendor\\laravel\\framework\\src\\Illuminate\\Database\\Connectors\\MySqlConnector.php(24): Illuminate\\Database\\Connectors\\Connector->createConnection('mysql:host=loca...', Array, Array)
#4 D:\\school\\Hogeschool Rotterdam\\Jaar 2\\Kwartaal 1\\Programmeren\\programmeren-kwartaal-2.1\\programmeren-5\\community\\vendor\\laravel\\framework\\src\\Illuminate\\Database\\Connectors\\ConnectionFactory.php(182): Illuminate\\Database\\Connectors\\MySqlConnector->connect(Array)
#5 [internal function]: Illuminate\\Database\\Connectors\\ConnectionFactory->Illuminate\\Database\\Connectors\\{closure}()
#6 D:\\school\\Hogeschool Rotterdam\\Jaar 2\\Kwartaal 1\\Programmeren\\programmeren-kwartaal-2.1\\programmeren-5\\community\\vendor\\laravel\\framework\\src\\Illuminate\\Database\\Connection.php(915): call_user_func(Object(Closure))
#7 D:\\school\\Hogeschool Rotterdam\\Jaar 2\\Kwartaal 1\\Programmeren\\programmeren-kwartaal-2.1\\programmeren-5\\community\\vendor\\laravel\\framework\\src\\Illuminate\\Database\\DatabaseManager.php(248): Illuminate\\Database\\Connection->getPdo()
#8 D:\\school\\Hogeschool Rotterdam\\Jaar 2\\Kwartaal 1\\Programmeren\\programmeren-kwartaal-2.1\\programmeren-5\\community\\vendor\\laravel\\framework\\src\\Illuminate\\Database\\DatabaseManager.php(234): Illuminate\\Database\\DatabaseManager->refreshPdoConnections('mysql')
#9 D:\\school\\Hogeschool Rotterdam\\Jaar 2\\Kwartaal 1\\Programmeren\\programmeren-kwartaal-2.1\\programmeren-5\\community\\vendor\\laravel\\framework\\src\\Illuminate\\Database\\DatabaseManager.php(168): Illuminate\\Database\\DatabaseManager->reconnect('mysql')
#10 [internal function]: Illuminate\\Database\\DatabaseManager->Illuminate\\Database\\{closure}(Object(Illuminate\\Database\\MySqlConnection))
#11 D:\\school\\Hogeschool Rotterdam\\Jaar 2\\Kwartaal 1\\Programmeren\\programmeren-kwartaal-2.1\\programmeren-5\\community\\vendor\\laravel\\framework\\src\\Illuminate\\Database\\Connection.php(753): call_user_func(Object(Closure), Object(Illuminate\\Database\\MySqlConnection))
#12 D:\\school\\Hogeschool Rotterdam\\Jaar 2\\Kwartaal 1\\Programmeren\\programmeren-kwartaal-2.1\\programmeren-5\\community\\vendor\\laravel\\framework\\src\\Illuminate\\Database\\Connection.php(735): Illuminate\\Database\\Connection->reconnect()
#13 D:\\school\\Hogeschool Rotterdam\\Jaar 2\\Kwartaal 1\\Programmeren\\programmeren-kwartaal-2.1\\programmeren-5\\community\\vendor\\laravel\\framework\\src\\Illuminate\\Database\\Connection.php(717): Illuminate\\Database\\Connection->tryAgainIfCausedByLostConnection(Object(Illuminate\\Database\\QueryException), 'SHOW FULL TABLE...', Array, Object(Closure))
#14 D:\\school\\Hogeschool Rotterdam\\Jaar 2\\Kwartaal 1\\Programmeren\\programmeren-kwartaal-2.1\\programmeren-5\\community\\vendor\\laravel\\framework\\src\\Illuminate\\Database\\Connection.php(627): Illuminate\\Database\\Connection->handleQueryException(Object(Illuminate\\Database\\QueryException), 'SHOW FULL TABLE...', Array, Object(Closure))
#15 D:\\school\\Hogeschool Rotterdam\\Jaar 2\\Kwartaal 1\\Programmeren\\programmeren-kwartaal-2.1\\programmeren-5\\community\\vendor\\laravel\\framework\\src\\Illuminate\\Database\\Connection.php(333): Illuminate\\Database\\Connection->run('SHOW FULL TABLE...', Array, Object(Closure))
#16 D:\\school\\Hogeschool Rotterdam\\Jaar 2\\Kwartaal 1\\Programmeren\\programmeren-kwartaal-2.1\\programmeren-5\\community\\vendor\\laravel\\framework\\src\\Illuminate\\Database\\Schema\\MySqlBuilder.php(99): Illuminate\\Database\\Connection->select('SHOW FULL TABLE...')
#17 D:\\school\\Hogeschool Rotterdam\\Jaar 2\\Kwartaal 1\\Programmeren\\programmeren-kwartaal-2.1\\programmeren-5\\community\\vendor\\laravel\\framework\\src\\Illuminate\\Database\\Schema\\MySqlBuilder.php(48): Illuminate\\Database\\Schema\\MySqlBuilder->getAllTables()
#18 D:\\school\\Hogeschool Rotterdam\\Jaar 2\\Kwartaal 1\\Programmeren\\programmeren-kwartaal-2.1\\programmeren-5\\community\\vendor\\laravel\\framework\\src\\Illuminate\\Database\\Console\\Migrations\\FreshCommand.php(72): Illuminate\\Database\\Schema\\MySqlBuilder->dropAllTables()
#19 D:\\school\\Hogeschool Rotterdam\\Jaar 2\\Kwartaal 1\\Programmeren\\programmeren-kwartaal-2.1\\programmeren-5\\community\\vendor\\laravel\\framework\\src\\Illuminate\\Database\\Console\\Migrations\\FreshCommand.php(46): Illuminate\\Database\\Console\\Migrations\\FreshCommand->dropAllTables(NULL)
#20 [internal function]: Illuminate\\Database\\Console\\Migrations\\FreshCommand->handle()
#21 D:\\school\\Hogeschool Rotterdam\\Jaar 2\\Kwartaal 1\\Programmeren\\programmeren-kwartaal-2.1\\programmeren-5\\community\\vendor\\laravel\\framework\\src\\Illuminate\\Container\\BoundMethod.php(29): call_user_func_array(Array, Array)
#22 D:\\school\\Hogeschool Rotterdam\\Jaar 2\\Kwartaal 1\\Programmeren\\programmeren-kwartaal-2.1\\programmeren-5\\community\\vendor\\laravel\\framework\\src\\Illuminate\\Container\\BoundMethod.php(87): Illuminate\\Container\\BoundMethod::Illuminate\\Container\\{closure}()
#23 D:\\school\\Hogeschool Rotterdam\\Jaar 2\\Kwartaal 1\\Programmeren\\programmeren-kwartaal-2.1\\programmeren-5\\community\\vendor\\laravel\\framework\\src\\Illuminate\\Container\\BoundMethod.php(31): Illuminate\\Container\\BoundMethod::callBoundMethod(Object(Illuminate\\Foundation\\Application), Array, Object(Closure))
#24 D:\\school\\Hogeschool Rotterdam\\Jaar 2\\Kwartaal 1\\Programmeren\\programmeren-kwartaal-2.1\\programmeren-5\\community\\vendor\\laravel\\framework\\src\\Illuminate\\Container\\Container.php(564): Illuminate\\Container\\BoundMethod::call(Object(Illuminate\\Foundation\\Application), Array, Array, NULL)
#25 D:\\school\\Hogeschool Rotterdam\\Jaar 2\\Kwartaal 1\\Programmeren\\programmeren-kwartaal-2.1\\programmeren-5\\community\\vendor\\laravel\\framework\\src\\Illuminate\\Console\\Command.php(183): Illuminate\\Container\\Container->call(Array)
#26 D:\\school\\Hogeschool Rotterdam\\Jaar 2\\Kwartaal 1\\Programmeren\\programmeren-kwartaal-2.1\\programmeren-5\\community\\vendor\\symfony\\console\\Command\\Command.php(251): Illuminate\\Console\\Command->execute(Object(Symfony\\Component\\Console\\Input\\ArgvInput), Object(Illuminate\\Console\\OutputStyle))
#27 D:\\school\\Hogeschool Rotterdam\\Jaar 2\\Kwartaal 1\\Programmeren\\programmeren-kwartaal-2.1\\programmeren-5\\community\\vendor\\laravel\\framework\\src\\Illuminate\\Console\\Command.php(170): Symfony\\Component\\Console\\Command\\Command->run(Object(Symfony\\Component\\Console\\Input\\ArgvInput), Object(Illuminate\\Console\\OutputStyle))
#28 D:\\school\\Hogeschool Rotterdam\\Jaar 2\\Kwartaal 1\\Programmeren\\programmeren-kwartaal-2.1\\programmeren-5\\community\\vendor\\symfony\\console\\Application.php(886): Illuminate\\Console\\Command->run(Object(Symfony\\Component\\Console\\Input\\ArgvInput), Object(Symfony\\Component\\Console\\Output\\ConsoleOutput))
#29 D:\\school\\Hogeschool Rotterdam\\Jaar 2\\Kwartaal 1\\Programmeren\\programmeren-kwartaal-2.1\\programmeren-5\\community\\vendor\\symfony\\console\\Application.php(262): Symfony\\Component\\Console\\Application->doRunCommand(Object(Illuminate\\Database\\Console\\Migrations\\FreshCommand), Object(Symfony\\Component\\Console\\Input\\ArgvInput), Object(Symfony\\Component\\Console\\Output\\ConsoleOutput))
#30 D:\\school\\Hogeschool Rotterdam\\Jaar 2\\Kwartaal 1\\Programmeren\\programmeren-kwartaal-2.1\\programmeren-5\\community\\vendor\\symfony\\console\\Application.php(145): Symfony\\Component\\Console\\Application->doRun(Object(Symfony\\Component\\Console\\Input\\ArgvInput), Object(Symfony\\Component\\Console\\Output\\ConsoleOutput))
#31 D:\\school\\Hogeschool Rotterdam\\Jaar 2\\Kwartaal 1\\Programmeren\\programmeren-kwartaal-2.1\\programmeren-5\\community\\vendor\\laravel\\framework\\src\\Illuminate\\Console\\Application.php(89): Symfony\\Component\\Console\\Application->run(Object(Symfony\\Component\\Console\\Input\\ArgvInput), Object(Symfony\\Component\\Console\\Output\\ConsoleOutput))
#32 D:\\school\\Hogeschool Rotterdam\\Jaar 2\\Kwartaal 1\\Programmeren\\programmeren-kwartaal-2.1\\programmeren-5\\community\\vendor\\laravel\\framework\\src\\Illuminate\\Foundation\\Console\\Kernel.php(122): Illuminate\\Console\\Application->run(Object(Symfony\\Component\\Console\\Input\\ArgvInput), Object(Symfony\\Component\\Console\\Output\\ConsoleOutput))
#33 D:\\school\\Hogeschool Rotterdam\\Jaar 2\\Kwartaal 1\\Programmeren\\programmeren-kwartaal-2.1\\programmeren-5\\community\\artisan(37): Illuminate\\Foundation\\Console\\Kernel->handle(Object(Symfony\\Component\\Console\\Input\\ArgvInput), Object(Symfony\\Component\\Console\\Output\\ConsoleOutput))
#34 {main}
"} 
[2018-09-22 14:23:22] local.ERROR: SQLSTATE[HY000] [2006] MySQL server has gone away {"exception":"[object] (PDOException(code: 2006): SQLSTATE[HY000] [2006] MySQL server has gone away at D:\\school\\Hogeschool Rotterdam\\Jaar 2\\Kwartaal 1\\Programmeren\\programmeren-kwartaal-2.1\\programmeren-5\\community\\vendor\\laravel\\framework\\src\\Illuminate\\Database\\Connectors\\Connector.php:68, PDOException(code: 0): PDO::__construct(): MySQL server has gone away at D:\\school\\Hogeschool Rotterdam\\Jaar 2\\Kwartaal 1\\Programmeren\\programmeren-kwartaal-2.1\\programmeren-5\\community\\vendor\\laravel\\framework\\src\\Illuminate\\Database\\Connectors\\Connector.php:68)
[stacktrace]
#0 D:\\school\\Hogeschool Rotterdam\\Jaar 2\\Kwartaal 1\\Programmeren\\programmeren-kwartaal-2.1\\programmeren-5\\community\\vendor\\laravel\\framework\\src\\Illuminate\\Database\\Connectors\\Connector.php(68): PDO->__construct('mysql:host=loca...', 'login', 'root', Array)
#1 D:\\school\\Hogeschool Rotterdam\\Jaar 2\\Kwartaal 1\\Programmeren\\programmeren-kwartaal-2.1\\programmeren-5\\community\\vendor\\laravel\\framework\\src\\Illuminate\\Database\\Connectors\\Connector.php(98): Illuminate\\Database\\Connectors\\Connector->createPdoConnection('mysql:host=loca...', 'login', 'root', Array)
#2 D:\\school\\Hogeschool Rotterdam\\Jaar 2\\Kwartaal 1\\Programmeren\\programmeren-kwartaal-2.1\\programmeren-5\\community\\vendor\\laravel\\framework\\src\\Illuminate\\Database\\Connectors\\Connector.php(48): Illuminate\\Database\\Connectors\\Connector->tryAgainIfCausedByLostConnection(Object(PDOException), 'mysql:host=loca...', 'login', 'root', Array)
#3 D:\\school\\Hogeschool Rotterdam\\Jaar 2\\Kwartaal 1\\Programmeren\\programmeren-kwartaal-2.1\\programmeren-5\\community\\vendor\\laravel\\framework\\src\\Illuminate\\Database\\Connectors\\MySqlConnector.php(24): Illuminate\\Database\\Connectors\\Connector->createConnection('mysql:host=loca...', Array, Array)
#4 D:\\school\\Hogeschool Rotterdam\\Jaar 2\\Kwartaal 1\\Programmeren\\programmeren-kwartaal-2.1\\programmeren-5\\community\\vendor\\laravel\\framework\\src\\Illuminate\\Database\\Connectors\\ConnectionFactory.php(182): Illuminate\\Database\\Connectors\\MySqlConnector->connect(Array)
#5 [internal function]: Illuminate\\Database\\Connectors\\ConnectionFactory->Illuminate\\Database\\Connectors\\{closure}()
#6 D:\\school\\Hogeschool Rotterdam\\Jaar 2\\Kwartaal 1\\Programmeren\\programmeren-kwartaal-2.1\\programmeren-5\\community\\vendor\\laravel\\framework\\src\\Illuminate\\Database\\Connection.php(915): call_user_func(Object(Closure))
#7 D:\\school\\Hogeschool Rotterdam\\Jaar 2\\Kwartaal 1\\Programmeren\\programmeren-kwartaal-2.1\\programmeren-5\\community\\vendor\\laravel\\framework\\src\\Illuminate\\Database\\DatabaseManager.php(248): Illuminate\\Database\\Connection->getPdo()
#8 D:\\school\\Hogeschool Rotterdam\\Jaar 2\\Kwartaal 1\\Programmeren\\programmeren-kwartaal-2.1\\programmeren-5\\community\\vendor\\laravel\\framework\\src\\Illuminate\\Database\\DatabaseManager.php(234): Illuminate\\Database\\DatabaseManager->refreshPdoConnections('mysql')
#9 D:\\school\\Hogeschool Rotterdam\\Jaar 2\\Kwartaal 1\\Programmeren\\programmeren-kwartaal-2.1\\programmeren-5\\community\\vendor\\laravel\\framework\\src\\Illuminate\\Database\\DatabaseManager.php(168): Illuminate\\Database\\DatabaseManager->reconnect('mysql')
#10 [internal function]: Illuminate\\Database\\DatabaseManager->Illuminate\\Database\\{closure}(Object(Illuminate\\Database\\MySqlConnection))
#11 D:\\school\\Hogeschool Rotterdam\\Jaar 2\\Kwartaal 1\\Programmeren\\programmeren-kwartaal-2.1\\programmeren-5\\community\\vendor\\laravel\\framework\\src\\Illuminate\\Database\\Connection.php(753): call_user_func(Object(Closure), Object(Illuminate\\Database\\MySqlConnection))
#12 D:\\school\\Hogeschool Rotterdam\\Jaar 2\\Kwartaal 1\\Programmeren\\programmeren-kwartaal-2.1\\programmeren-5\\community\\vendor\\laravel\\framework\\src\\Illuminate\\Database\\Connection.php(735): Illuminate\\Database\\Connection->reconnect()
#13 D:\\school\\Hogeschool Rotterdam\\Jaar 2\\Kwartaal 1\\Programmeren\\programmeren-kwartaal-2.1\\programmeren-5\\community\\vendor\\laravel\\framework\\src\\Illuminate\\Database\\Connection.php(717): Illuminate\\Database\\Connection->tryAgainIfCausedByLostConnection(Object(Illuminate\\Database\\QueryException), 'SHOW FULL TABLE...', Array, Object(Closure))
#14 D:\\school\\Hogeschool Rotterdam\\Jaar 2\\Kwartaal 1\\Programmeren\\programmeren-kwartaal-2.1\\programmeren-5\\community\\vendor\\laravel\\framework\\src\\Illuminate\\Database\\Connection.php(627): Illuminate\\Database\\Connection->handleQueryException(Object(Illuminate\\Database\\QueryException), 'SHOW FULL TABLE...', Array, Object(Closure))
#15 D:\\school\\Hogeschool Rotterdam\\Jaar 2\\Kwartaal 1\\Programmeren\\programmeren-kwartaal-2.1\\programmeren-5\\community\\vendor\\laravel\\framework\\src\\Illuminate\\Database\\Connection.php(333): Illuminate\\Database\\Connection->run('SHOW FULL TABLE...', Array, Object(Closure))
#16 D:\\school\\Hogeschool Rotterdam\\Jaar 2\\Kwartaal 1\\Programmeren\\programmeren-kwartaal-2.1\\programmeren-5\\community\\vendor\\laravel\\framework\\src\\Illuminate\\Database\\Schema\\MySqlBuilder.php(99): Illuminate\\Database\\Connection->select('SHOW FULL TABLE...')
#17 D:\\school\\Hogeschool Rotterdam\\Jaar 2\\Kwartaal 1\\Programmeren\\programmeren-kwartaal-2.1\\programmeren-5\\community\\vendor\\laravel\\framework\\src\\Illuminate\\Database\\Schema\\MySqlBuilder.php(48): Illuminate\\Database\\Schema\\MySqlBuilder->getAllTables()
#18 D:\\school\\Hogeschool Rotterdam\\Jaar 2\\Kwartaal 1\\Programmeren\\programmeren-kwartaal-2.1\\programmeren-5\\community\\vendor\\laravel\\framework\\src\\Illuminate\\Database\\Console\\Migrations\\FreshCommand.php(72): Illuminate\\Database\\Schema\\MySqlBuilder->dropAllTables()
#19 D:\\school\\Hogeschool Rotterdam\\Jaar 2\\Kwartaal 1\\Programmeren\\programmeren-kwartaal-2.1\\programmeren-5\\community\\vendor\\laravel\\framework\\src\\Illuminate\\Database\\Console\\Migrations\\FreshCommand.php(46): Illuminate\\Database\\Console\\Migrations\\FreshCommand->dropAllTables(NULL)
#20 [internal function]: Illuminate\\Database\\Console\\Migrations\\FreshCommand->handle()
#21 D:\\school\\Hogeschool Rotterdam\\Jaar 2\\Kwartaal 1\\Programmeren\\programmeren-kwartaal-2.1\\programmeren-5\\community\\vendor\\laravel\\framework\\src\\Illuminate\\Container\\BoundMethod.php(29): call_user_func_array(Array, Array)
#22 D:\\school\\Hogeschool Rotterdam\\Jaar 2\\Kwartaal 1\\Programmeren\\programmeren-kwartaal-2.1\\programmeren-5\\community\\vendor\\laravel\\framework\\src\\Illuminate\\Container\\BoundMethod.php(87): Illuminate\\Container\\BoundMethod::Illuminate\\Container\\{closure}()
#23 D:\\school\\Hogeschool Rotterdam\\Jaar 2\\Kwartaal 1\\Programmeren\\programmeren-kwartaal-2.1\\programmeren-5\\community\\vendor\\laravel\\framework\\src\\Illuminate\\Container\\BoundMethod.php(31): Illuminate\\Container\\BoundMethod::callBoundMethod(Object(Illuminate\\Foundation\\Application), Array, Object(Closure))
#24 D:\\school\\Hogeschool Rotterdam\\Jaar 2\\Kwartaal 1\\Programmeren\\programmeren-kwartaal-2.1\\programmeren-5\\community\\vendor\\laravel\\framework\\src\\Illuminate\\Container\\Container.php(564): Illuminate\\Container\\BoundMethod::call(Object(Illuminate\\Foundation\\Application), Array, Array, NULL)
#25 D:\\school\\Hogeschool Rotterdam\\Jaar 2\\Kwartaal 1\\Programmeren\\programmeren-kwartaal-2.1\\programmeren-5\\community\\vendor\\laravel\\framework\\src\\Illuminate\\Console\\Command.php(183): Illuminate\\Container\\Container->call(Array)
#26 D:\\school\\Hogeschool Rotterdam\\Jaar 2\\Kwartaal 1\\Programmeren\\programmeren-kwartaal-2.1\\programmeren-5\\community\\vendor\\symfony\\console\\Command\\Command.php(251): Illuminate\\Console\\Command->execute(Object(Symfony\\Component\\Console\\Input\\ArgvInput), Object(Illuminate\\Console\\OutputStyle))
#27 D:\\school\\Hogeschool Rotterdam\\Jaar 2\\Kwartaal 1\\Programmeren\\programmeren-kwartaal-2.1\\programmeren-5\\community\\vendor\\laravel\\framework\\src\\Illuminate\\Console\\Command.php(170): Symfony\\Component\\Console\\Command\\Command->run(Object(Symfony\\Component\\Console\\Input\\ArgvInput), Object(Illuminate\\Console\\OutputStyle))
#28 D:\\school\\Hogeschool Rotterdam\\Jaar 2\\Kwartaal 1\\Programmeren\\programmeren-kwartaal-2.1\\programmeren-5\\community\\vendor\\symfony\\console\\Application.php(886): Illuminate\\Console\\Command->run(Object(Symfony\\Component\\Console\\Input\\ArgvInput), Object(Symfony\\Component\\Console\\Output\\ConsoleOutput))
#29 D:\\school\\Hogeschool Rotterdam\\Jaar 2\\Kwartaal 1\\Programmeren\\programmeren-kwartaal-2.1\\programmeren-5\\community\\vendor\\symfony\\console\\Application.php(262): Symfony\\Component\\Console\\Application->doRunCommand(Object(Illuminate\\Database\\Console\\Migrations\\FreshCommand), Object(Symfony\\Component\\Console\\Input\\ArgvInput), Object(Symfony\\Component\\Console\\Output\\ConsoleOutput))
#30 D:\\school\\Hogeschool Rotterdam\\Jaar 2\\Kwartaal 1\\Programmeren\\programmeren-kwartaal-2.1\\programmeren-5\\community\\vendor\\symfony\\console\\Application.php(145): Symfony\\Component\\Console\\Application->doRun(Object(Symfony\\Component\\Console\\Input\\ArgvInput), Object(Symfony\\Component\\Console\\Output\\ConsoleOutput))
#31 D:\\school\\Hogeschool Rotterdam\\Jaar 2\\Kwartaal 1\\Programmeren\\programmeren-kwartaal-2.1\\programmeren-5\\community\\vendor\\laravel\\framework\\src\\Illuminate\\Console\\Application.php(89): Symfony\\Component\\Console\\Application->run(Object(Symfony\\Component\\Console\\Input\\ArgvInput), Object(Symfony\\Component\\Console\\Output\\ConsoleOutput))
#32 D:\\school\\Hogeschool Rotterdam\\Jaar 2\\Kwartaal 1\\Programmeren\\programmeren-kwartaal-2.1\\programmeren-5\\community\\vendor\\laravel\\framework\\src\\Illuminate\\Foundation\\Console\\Kernel.php(122): Illuminate\\Console\\Application->run(Object(Symfony\\Component\\Console\\Input\\ArgvInput), Object(Symfony\\Component\\Console\\Output\\ConsoleOutput))
#33 D:\\school\\Hogeschool Rotterdam\\Jaar 2\\Kwartaal 1\\Programmeren\\programmeren-kwartaal-2.1\\programmeren-5\\community\\artisan(37): Illuminate\\Foundation\\Console\\Kernel->handle(Object(Symfony\\Component\\Console\\Input\\ArgvInput), Object(Symfony\\Component\\Console\\Output\\ConsoleOutput))
#34 {main}
"} 
[2018-09-27 08:14:06] local.ERROR: SQLSTATE[HY000] [2006] MySQL server has gone away {"exception":"[object] (PDOException(code: 2006): SQLSTATE[HY000] [2006] MySQL server has gone away at D:\\school\\Hogeschool Rotterdam\\Jaar 2\\Kwartaal 1\\Programmeren\\programmeren-kwartaal-2.1\\programmeren-5\\community\\vendor\\laravel\\framework\\src\\Illuminate\\Database\\Connectors\\Connector.php:68, PDOException(code: 0): PDO::__construct(): MySQL server has gone away at D:\\school\\Hogeschool Rotterdam\\Jaar 2\\Kwartaal 1\\Programmeren\\programmeren-kwartaal-2.1\\programmeren-5\\community\\vendor\\laravel\\framework\\src\\Illuminate\\Database\\Connectors\\Connector.php:68)
[stacktrace]
#0 D:\\school\\Hogeschool Rotterdam\\Jaar 2\\Kwartaal 1\\Programmeren\\programmeren-kwartaal-2.1\\programmeren-5\\community\\vendor\\laravel\\framework\\src\\Illuminate\\Database\\Connectors\\Connector.php(68): PDO->__construct('mysql:host=loca...', 'root', '', Array)
#1 D:\\school\\Hogeschool Rotterdam\\Jaar 2\\Kwartaal 1\\Programmeren\\programmeren-kwartaal-2.1\\programmeren-5\\community\\vendor\\laravel\\framework\\src\\Illuminate\\Database\\Connectors\\Connector.php(98): Illuminate\\Database\\Connectors\\Connector->createPdoConnection('mysql:host=loca...', 'root', '', Array)
#2 D:\\school\\Hogeschool Rotterdam\\Jaar 2\\Kwartaal 1\\Programmeren\\programmeren-kwartaal-2.1\\programmeren-5\\community\\vendor\\laravel\\framework\\src\\Illuminate\\Database\\Connectors\\Connector.php(48): Illuminate\\Database\\Connectors\\Connector->tryAgainIfCausedByLostConnection(Object(PDOException), 'mysql:host=loca...', 'root', '', Array)
#3 D:\\school\\Hogeschool Rotterdam\\Jaar 2\\Kwartaal 1\\Programmeren\\programmeren-kwartaal-2.1\\programmeren-5\\community\\vendor\\laravel\\framework\\src\\Illuminate\\Database\\Connectors\\MySqlConnector.php(24): Illuminate\\Database\\Connectors\\Connector->createConnection('mysql:host=loca...', Array, Array)
#4 D:\\school\\Hogeschool Rotterdam\\Jaar 2\\Kwartaal 1\\Programmeren\\programmeren-kwartaal-2.1\\programmeren-5\\community\\vendor\\laravel\\framework\\src\\Illuminate\\Database\\Connectors\\ConnectionFactory.php(182): Illuminate\\Database\\Connectors\\MySqlConnector->connect(Array)
#5 [internal function]: Illuminate\\Database\\Connectors\\ConnectionFactory->Illuminate\\Database\\Connectors\\{closure}()
#6 D:\\school\\Hogeschool Rotterdam\\Jaar 2\\Kwartaal 1\\Programmeren\\programmeren-kwartaal-2.1\\programmeren-5\\community\\vendor\\laravel\\framework\\src\\Illuminate\\Database\\Connection.php(915): call_user_func(Object(Closure))
#7 D:\\school\\Hogeschool Rotterdam\\Jaar 2\\Kwartaal 1\\Programmeren\\programmeren-kwartaal-2.1\\programmeren-5\\community\\vendor\\laravel\\framework\\src\\Illuminate\\Database\\DatabaseManager.php(248): Illuminate\\Database\\Connection->getPdo()
#8 D:\\school\\Hogeschool Rotterdam\\Jaar 2\\Kwartaal 1\\Programmeren\\programmeren-kwartaal-2.1\\programmeren-5\\community\\vendor\\laravel\\framework\\src\\Illuminate\\Database\\DatabaseManager.php(234): Illuminate\\Database\\DatabaseManager->refreshPdoConnections('mysql')
#9 D:\\school\\Hogeschool Rotterdam\\Jaar 2\\Kwartaal 1\\Programmeren\\programmeren-kwartaal-2.1\\programmeren-5\\community\\vendor\\laravel\\framework\\src\\Illuminate\\Database\\DatabaseManager.php(168): Illuminate\\Database\\DatabaseManager->reconnect('mysql')
#10 [internal function]: Illuminate\\Database\\DatabaseManager->Illuminate\\Database\\{closure}(Object(Illuminate\\Database\\MySqlConnection))
#11 D:\\school\\Hogeschool Rotterdam\\Jaar 2\\Kwartaal 1\\Programmeren\\programmeren-kwartaal-2.1\\programmeren-5\\community\\vendor\\laravel\\framework\\src\\Illuminate\\Database\\Connection.php(753): call_user_func(Object(Closure), Object(Illuminate\\Database\\MySqlConnection))
#12 D:\\school\\Hogeschool Rotterdam\\Jaar 2\\Kwartaal 1\\Programmeren\\programmeren-kwartaal-2.1\\programmeren-5\\community\\vendor\\laravel\\framework\\src\\Illuminate\\Database\\Connection.php(735): Illuminate\\Database\\Connection->reconnect()
#13 D:\\school\\Hogeschool Rotterdam\\Jaar 2\\Kwartaal 1\\Programmeren\\programmeren-kwartaal-2.1\\programmeren-5\\community\\vendor\\laravel\\framework\\src\\Illuminate\\Database\\Connection.php(717): Illuminate\\Database\\Connection->tryAgainIfCausedByLostConnection(Object(Illuminate\\Database\\QueryException), 'select * from i...', Array, Object(Closure))
#14 D:\\school\\Hogeschool Rotterdam\\Jaar 2\\Kwartaal 1\\Programmeren\\programmeren-kwartaal-2.1\\programmeren-5\\community\\vendor\\laravel\\framework\\src\\Illuminate\\Database\\Connection.php(627): Illuminate\\Database\\Connection->handleQueryException(Object(Illuminate\\Database\\QueryException), 'select * from i...', Array, Object(Closure))
#15 D:\\school\\Hogeschool Rotterdam\\Jaar 2\\Kwartaal 1\\Programmeren\\programmeren-kwartaal-2.1\\programmeren-5\\community\\vendor\\laravel\\framework\\src\\Illuminate\\Database\\Connection.php(333): Illuminate\\Database\\Connection->run('select * from i...', Array, Object(Closure))
#16 D:\\school\\Hogeschool Rotterdam\\Jaar 2\\Kwartaal 1\\Programmeren\\programmeren-kwartaal-2.1\\programmeren-5\\community\\vendor\\laravel\\framework\\src\\Illuminate\\Database\\Schema\\MySqlBuilder.php(18): Illuminate\\Database\\Connection->select('select * from i...', Array)
#17 D:\\school\\Hogeschool Rotterdam\\Jaar 2\\Kwartaal 1\\Programmeren\\programmeren-kwartaal-2.1\\programmeren-5\\community\\vendor\\laravel\\framework\\src\\Illuminate\\Database\\Migrations\\DatabaseMigrationRepository.php(169): Illuminate\\Database\\Schema\\MySqlBuilder->hasTable('migrations')
#18 D:\\school\\Hogeschool Rotterdam\\Jaar 2\\Kwartaal 1\\Programmeren\\programmeren-kwartaal-2.1\\programmeren-5\\community\\vendor\\laravel\\framework\\src\\Illuminate\\Database\\Migrations\\Migrator.php(556): Illuminate\\Database\\Migrations\\DatabaseMigrationRepository->repositoryExists()
#19 D:\\school\\Hogeschool Rotterdam\\Jaar 2\\Kwartaal 1\\Programmeren\\programmeren-kwartaal-2.1\\programmeren-5\\community\\vendor\\laravel\\framework\\src\\Illuminate\\Database\\Console\\Migrations\\MigrateCommand.php(91): Illuminate\\Database\\Migrations\\Migrator->repositoryExists()
#20 D:\\school\\Hogeschool Rotterdam\\Jaar 2\\Kwartaal 1\\Programmeren\\programmeren-kwartaal-2.1\\programmeren-5\\community\\vendor\\laravel\\framework\\src\\Illuminate\\Database\\Console\\Migrations\\MigrateCommand.php(63): Illuminate\\Database\\Console\\Migrations\\MigrateCommand->prepareDatabase()
#21 [internal function]: Illuminate\\Database\\Console\\Migrations\\MigrateCommand->handle()
#22 D:\\school\\Hogeschool Rotterdam\\Jaar 2\\Kwartaal 1\\Programmeren\\programmeren-kwartaal-2.1\\programmeren-5\\community\\vendor\\laravel\\framework\\src\\Illuminate\\Container\\BoundMethod.php(29): call_user_func_array(Array, Array)
#23 D:\\school\\Hogeschool Rotterdam\\Jaar 2\\Kwartaal 1\\Programmeren\\programmeren-kwartaal-2.1\\programmeren-5\\community\\vendor\\laravel\\framework\\src\\Illuminate\\Container\\BoundMethod.php(87): Illuminate\\Container\\BoundMethod::Illuminate\\Container\\{closure}()
#24 D:\\school\\Hogeschool Rotterdam\\Jaar 2\\Kwartaal 1\\Programmeren\\programmeren-kwartaal-2.1\\programmeren-5\\community\\vendor\\laravel\\framework\\src\\Illuminate\\Container\\BoundMethod.php(31): Illuminate\\Container\\BoundMethod::callBoundMethod(Object(Illuminate\\Foundation\\Application), Array, Object(Closure))
#25 D:\\school\\Hogeschool Rotterdam\\Jaar 2\\Kwartaal 1\\Programmeren\\programmeren-kwartaal-2.1\\programmeren-5\\community\\vendor\\laravel\\framework\\src\\Illuminate\\Container\\Container.php(564): Illuminate\\Container\\BoundMethod::call(Object(Illuminate\\Foundation\\Application), Array, Array, NULL)
#26 D:\\school\\Hogeschool Rotterdam\\Jaar 2\\Kwartaal 1\\Programmeren\\programmeren-kwartaal-2.1\\programmeren-5\\community\\vendor\\laravel\\framework\\src\\Illuminate\\Console\\Command.php(183): Illuminate\\Container\\Container->call(Array)
#27 D:\\school\\Hogeschool Rotterdam\\Jaar 2\\Kwartaal 1\\Programmeren\\programmeren-kwartaal-2.1\\programmeren-5\\community\\vendor\\symfony\\console\\Command\\Command.php(251): Illuminate\\Console\\Command->execute(Object(Symfony\\Component\\Console\\Input\\ArgvInput), Object(Illuminate\\Console\\OutputStyle))
#28 D:\\school\\Hogeschool Rotterdam\\Jaar 2\\Kwartaal 1\\Programmeren\\programmeren-kwartaal-2.1\\programmeren-5\\community\\vendor\\laravel\\framework\\src\\Illuminate\\Console\\Command.php(170): Symfony\\Component\\Console\\Command\\Command->run(Object(Symfony\\Component\\Console\\Input\\ArgvInput), Object(Illuminate\\Console\\OutputStyle))
#29 D:\\school\\Hogeschool Rotterdam\\Jaar 2\\Kwartaal 1\\Programmeren\\programmeren-kwartaal-2.1\\programmeren-5\\community\\vendor\\symfony\\console\\Application.php(886): Illuminate\\Console\\Command->run(Object(Symfony\\Component\\Console\\Input\\ArgvInput), Object(Symfony\\Component\\Console\\Output\\ConsoleOutput))
#30 D:\\school\\Hogeschool Rotterdam\\Jaar 2\\Kwartaal 1\\Programmeren\\programmeren-kwartaal-2.1\\programmeren-5\\community\\vendor\\symfony\\console\\Application.php(262): Symfony\\Component\\Console\\Application->doRunCommand(Object(Illuminate\\Database\\Console\\Migrations\\MigrateCommand), Object(Symfony\\Component\\Console\\Input\\ArgvInput), Object(Symfony\\Component\\Console\\Output\\ConsoleOutput))
#31 D:\\school\\Hogeschool Rotterdam\\Jaar 2\\Kwartaal 1\\Programmeren\\programmeren-kwartaal-2.1\\programmeren-5\\community\\vendor\\symfony\\console\\Application.php(145): Symfony\\Component\\Console\\Application->doRun(Object(Symfony\\Component\\Console\\Input\\ArgvInput), Object(Symfony\\Component\\Console\\Output\\ConsoleOutput))
#32 D:\\school\\Hogeschool Rotterdam\\Jaar 2\\Kwartaal 1\\Programmeren\\programmeren-kwartaal-2.1\\programmeren-5\\community\\vendor\\laravel\\framework\\src\\Illuminate\\Console\\Application.php(89): Symfony\\Component\\Console\\Application->run(Object(Symfony\\Component\\Console\\Input\\ArgvInput), Object(Symfony\\Component\\Console\\Output\\ConsoleOutput))
#33 D:\\school\\Hogeschool Rotterdam\\Jaar 2\\Kwartaal 1\\Programmeren\\programmeren-kwartaal-2.1\\programmeren-5\\community\\vendor\\laravel\\framework\\src\\Illuminate\\Foundation\\Console\\Kernel.php(122): Illuminate\\Console\\Application->run(Object(Symfony\\Component\\Console\\Input\\ArgvInput), Object(Symfony\\Component\\Console\\Output\\ConsoleOutput))
#34 D:\\school\\Hogeschool Rotterdam\\Jaar 2\\Kwartaal 1\\Programmeren\\programmeren-kwartaal-2.1\\programmeren-5\\community\\artisan(37): Illuminate\\Foundation\\Console\\Kernel->handle(Object(Symfony\\Component\\Console\\Input\\ArgvInput), Object(Symfony\\Component\\Console\\Output\\ConsoleOutput))
#35 {main}
"} 
